Determining if the pthread_create exist failed with the following output:
Change Dir: /home/yxh/Documents/depth2point/build/CMakeFiles/CMakeTmp

Run Build Command:"/usr/bin/make" "cmTC_4beed/fast"
/usr/bin/make -f CMakeFiles/cmTC_4beed.dir/build.make CMakeFiles/cmTC_4beed.dir/build
make[1]: Entering directory '/home/yxh/Documents/depth2point/build/CMakeFiles/CMakeTmp'
Building C object CMakeFiles/cmTC_4beed.dir/CheckSymbolExists.c.o
/usr/bin/x86_64-linux-gnu-gcc-7    -o CMakeFiles/cmTC_4beed.dir/CheckSymbolExists.c.o   -c /home/yxh/Documents/depth2point/build/CMakeFiles/CMakeTmp/CheckSymbolExists.c
Linking C executable cmTC_4beed
/usr/bin/cmake -E cmake_link_script CMakeFiles/cmTC_4beed.dir/link.txt --verbose=1
/usr/bin/x86_64-linux-gnu-gcc-7      -rdynamic CMakeFiles/cmTC_4beed.dir/CheckSymbolExists.c.o  -o cmTC_4beed 
CMakeFiles/cmTC_4beed.dir/CheckSymbolExists.c.o: In function `main':
CheckSymbolExists.c:(.text+0x1b): undefined reference to `pthread_create'
collect2: error: ld returned 1 exit status
CMakeFiles/cmTC_4beed.dir/build.make:97: recipe for target 'cmTC_4beed' failed
make[1]: *** [cmTC_4beed] Error 1
make[1]: Leaving directory '/home/yxh/Documents/depth2point/build/CMakeFiles/CMakeTmp'
Makefile:126: recipe for target 'cmTC_4beed/fast' failed
make: *** [cmTC_4beed/fast] Error 2

File /home/yxh/Documents/depth2point/build/CMakeFiles/CMakeTmp/CheckSymbolExists.c:
/* */
#include <pthread.h>

int main(int argc, char** argv)
{
  (void)argv;
#ifndef pthread_create
  return ((int*)(&pthread_create))[argc];
#else
  (void)argc;
  return 0;
#endif
}

Determining if the function pthread_create exists in the pthreads failed with the following output:
Change Dir: /home/yxh/Documents/depth2point/build/CMakeFiles/CMakeTmp

Run Build Command:"/usr/bin/make" "cmTC_b3753/fast"
/usr/bin/make -f CMakeFiles/cmTC_b3753.dir/build.make CMakeFiles/cmTC_b3753.dir/build
make[1]: Entering directory '/home/yxh/Documents/depth2point/build/CMakeFiles/CMakeTmp'
Building C object CMakeFiles/cmTC_b3753.dir/CheckFunctionExists.c.o
/usr/bin/x86_64-linux-gnu-gcc-7   -DCHECK_FUNCTION_EXISTS=pthread_create   -o CMakeFiles/cmTC_b3753.dir/CheckFunctionExists.c.o   -c /usr/share/cmake-3.10/Modules/CheckFunctionExists.c
Linking C executable cmTC_b3753
/usr/bin/cmake -E cmake_link_script CMakeFiles/cmTC_b3753.dir/link.txt --verbose=1
/usr/bin/x86_64-linux-gnu-gcc-7  -DCHECK_FUNCTION_EXISTS=pthread_create    -rdynamic CMakeFiles/cmTC_b3753.dir/CheckFunctionExists.c.o  -o cmTC_b3753 -lpthreads 
/usr/bin/ld: cannot find -lpthreads
collect2: error: ld returned 1 exit status
CMakeFiles/cmTC_b3753.dir/build.make:97: recipe for target 'cmTC_b3753' failed
make[1]: *** [cmTC_b3753] Error 1
make[1]: Leaving directory '/home/yxh/Documents/depth2point/build/CMakeFiles/CMakeTmp'
Makefile:126: recipe for target 'cmTC_b3753/fast' failed
make: *** [cmTC_b3753/fast] Error 2


